<?xml version="1.0" encoding="UTF-8"?>
<!-- Generated by org.testng.reporters.JUnitReportReporter -->
<testsuite hostname="DESKTOP-NMD9NPL" failures="0" tests="1" name="com.actitime.testscript.CustomerModule" time="0.016" errors="0" timestamp="14 Apr 2023 14:17:12 GMT" skipped="0">
  <testcase classname="com.actitime.testscript.CustomerModule" name="createCustomer" time="0.016"/>
</testsuite> <!-- com.actitime.testscript.CustomerModule -->
