<?xml version="1.0" encoding="UTF-8"?>
<!-- Generated by org.testng.reporters.JUnitReportReporter -->
<testsuite hostname="DESKTOP-NMD9NPL" failures="0" tests="2" name="com.actitime.testScript.CustomerModule" time="0.018" errors="0" timestamp="2023-03-14T10:20:39 IST" skipped="0">
  <testcase classname="com.actitime.testScript.CustomerModule" name="CreateCustomer" time="0.016"/>
  <system-out>
    <![CDATA[CreateCustomer]]>
  </system-out>
  <testcase classname="com.actitime.testScript.CustomerModule" name="modifyCustomer" time="0.002"/>
  <system-out>
    <![CDATA[modifyCustomer]]>
  </system-out>
</testsuite> <!-- com.actitime.testScript.CustomerModule -->
