<?xml version="1.0" encoding="UTF-8"?>
<!-- Generated by org.testng.reporters.JUnitReportReporter -->
<testsuite hostname="DESKTOP-NMD9NPL" failures="0" tests="1" name="com.actitime.testScript.Demo1" time="0.016" errors="0" timestamp="2023-03-17T16:33:34 IST" skipped="0">
  <testcase classname="com.actitime.testScript.Demo1" name="createCus" time="0.016"/>
  <system-out>
    <![CDATA[hello]]>
  </system-out>
</testsuite> <!-- com.actitime.testScript.Demo1 -->
