<?xml version="1.0" encoding="UTF-8"?>
<!-- Generated by org.testng.reporters.JUnitReportReporter -->
<testsuite hostname="DESKTOP-NMD9NPL" failures="0" tests="1" name="com.actitime.testScript.DemoScreenShot" time="6.534" errors="0" timestamp="2023-03-20T10:59:48 IST" skipped="0">
  <testcase classname="com.actitime.testScript.DemoScreenShot" name="screenShot" time="6.534"/>
  <system-out/>
</testsuite> <!-- com.actitime.testScript.DemoScreenShot -->
