<?xml version="1.0" encoding="UTF-8"?>
<!-- Generated by org.testng.reporters.JUnitReportReporter -->
<testsuite hostname="DESKTOP-NMD9NPL" failures="0" tests="1" name="com.actitime.testScript.CustomerModule4" time="22.825" errors="0" timestamp="2023-03-18T00:28:24 IST" skipped="0">
  <testcase classname="com.actitime.testScript.CustomerModule4" name="createCustomer" time="22.825"/>
  <system-out>
    <![CDATA[createCustomer]]>
  </system-out>
</testsuite> <!-- com.actitime.testScript.CustomerModule4 -->
