<?xml version="1.0" encoding="UTF-8"?>
<!-- Generated by org.testng.reporters.JUnitReportReporter -->
<testsuite hostname="DESKTOP-NMD9NPL" failures="0" tests="4" name="com.actitime.testScript.CustomerModule2" time="0.028" errors="0" timestamp="2023-03-18T00:19:22 IST" skipped="0">
  <testcase classname="com.actitime.testScript.CustomerModule2" name="createCustomer" time="0.008"/>
  <system-out>
    <![CDATA[createCustomer]]>
  </system-out>
  <testcase classname="com.actitime.testScript.CustomerModule2" name="delete" time="0.006"/>
  <system-out>
    <![CDATA[delete]]>
  </system-out>
  <testcase classname="com.actitime.testScript.CustomerModule2" name="modifyCustomer" time="0.006"/>
  <system-out>
    <![CDATA[modifyCustomer]]>
  </system-out>
  <testcase classname="com.actitime.testScript.CustomerModule2" name="modifyCustomer" time="0.008"/>
  <system-out>
    <![CDATA[modifyCustomer]]>
  </system-out>
</testsuite> <!-- com.actitime.testScript.CustomerModule2 -->
