<?xml version="1.0" encoding="UTF-8"?>
<!-- Generated by org.testng.reporters.JUnitReportReporter -->
<testsuite hostname="DESKTOP-NMD9NPL" failures="0" tests="2" name="com.actitime.testScript.CustomerModule1" time="0.018" errors="0" timestamp="2023-03-17T22:23:02 IST" skipped="0">
  <testcase classname="com.actitime.testScript.CustomerModule1" name="CreateCustomer" time="0.015"/>
  <system-out>
    <![CDATA[CreateCustomer]]>
  </system-out>
  <testcase classname="com.actitime.testScript.CustomerModule1" name="modifyCustomer" time="0.003"/>
  <system-out>
    <![CDATA[modifyCustomer]]>
  </system-out>
</testsuite> <!-- com.actitime.testScript.CustomerModule1 -->
