<?xml version="1.0" encoding="UTF-8"?>
<!-- Generated by org.testng.reporters.JUnitReportReporter -->
<testsuite hostname="DESKTOP-NMD9NPL" failures="0" tests="1" name="com.sdet.Login_1" time="10.491" errors="0" timestamp="2023-05-09T01:56:07 IST" skipped="0">
  <testcase classname="com.sdet.Login_1" name="Login" time="10.491"/>
  <system-out/>
</testsuite> <!-- com.sdet.Login_1 -->
