<?xml version="1.0" encoding="UTF-8"?>
<!-- Generated by org.testng.reporters.JUnitReportReporter -->
<testsuite hostname="DESKTOP-NMD9NPL" failures="0" tests="1" name="com.sdet.Test1" time="0.001" errors="0" timestamp="2023-05-09T01:56:07 IST" skipped="0">
  <testcase classname="com.sdet.Test1" name="CreateCustomer" time="0.001"/>
  <system-out>
    <![CDATA[CreateCustomer]]>
  </system-out>
</testsuite> <!-- com.sdet.Test1 -->
